<?xml version="1.0" encoding="UTF-8"?>
<!-- Generated by org.testng.reporters.JUnitXMLReporter -->
<testsuite ignored="3" hostname="LAPTOP-JPAOG5NK" failures="9" tests="53" name="Regression Test" time="53.667" errors="0" timestamp="2022-11-06T01:56:20 IST">
  <testcase classname="com.hyrs.Tests.OrangeHrm" name="@AfterTest TearDown" time="-1.667679980139E9">
    <failure type="org.testng.TestNGException" message="
Parameter &amp;apos;sleepTime&amp;apos; is required by AfterTest on method TearDown but has not been marked @Optional or defined
in C:\Users\Lenovo\eclipse-workspace\PracticeTestNg\AllTestNg.xml">
      <![CDATA[org.testng.TestNGException: 
Parameter 'sleepTime' is required by AfterTest on method TearDown but has not been marked @Optional or defined
in C:\Users\Lenovo\eclipse-workspace\PracticeTestNg\AllTestNg.xml
... Removed 21 stack frames]]>
    </failure>
  </testcase> <!-- @AfterTest TearDown -->
  <testcase classname="com.hyr.demoTests.NewTest2" name="test4" time="0.003"/>
  <testcase classname="com.hyr.demoTests.NewTest2" name="test5" time="0.0"/>
  <testcase classname="com.hyr.demoTests.NewTest2" name="test6" time="0.0"/>
  <testcase classname="com.hyr.demoTests.NewTest2" name="test7" time="0.001"/>
  <testcase classname="com.dataProvider.BasicTest3" name="TestLogin" time="0.001"/>
  <testcase classname="com.dataProvider.BasicTest3" name="TestLogin" time="0.0"/>
  <testcase classname="com.dataProvider.BasicTest4" name="TestLogin" time="0.001"/>
  <testcase classname="com.dataProvider.BasicTest4" name="TestLogin" time="0.001"/>
  <testcase classname="com.dataProvider.BasicTest4" name="TestLogin" time="0.001"/>
  <testcase classname="com.dataProvider.BasicTest4" name="TestLogin" time="0.001"/>
  <testcase classname="com.hyr.dependencyTests.TestDependency" name="CreateShipment" time="0.001">
    <failure type="java.lang.ArithmeticException" message="/ by zero">
      <![CDATA[java.lang.ArithmeticException: / by zero
at com.hyr.dependencyTests.TestDependency.CreateShipment(TestDependency.java:12)
at java.base/java.util.ArrayList.forEach(ArrayList.java:1541)
... Removed 27 stack frames]]>
    </failure>
  </testcase> <!-- CreateShipment -->
  <testcase classname="com.hyr.dependencyTests.TestDependency" name="TrackShipment" time="0.001">
    <failure type="java.lang.Exception" message="invalid Tracking no">
      <![CDATA[java.lang.Exception: invalid Tracking no
at com.hyr.dependencyTests.TestDependency.TrackShipment(TestDependency.java:26)
at java.base/java.util.ArrayList.forEach(ArrayList.java:1541)
... Removed 27 stack frames]]>
    </failure>
  </testcase> <!-- TrackShipment -->
  <testcase classname="com.hyr.dependencyTests.TestDependency" name="CancelShipment" time="0.0">
    <skipped/>
  </testcase> <!-- CancelShipment -->
  <testcase classname="com.hyr.groupTests.NewTest2" name="test4" time="0.0"/>
  <testcase classname="com.hyr.groupTests.NewTest2" name="test5" time="0.001"/>
  <testcase classname="com.hyr.groupTests.NewTest2" name="test6" time="0.001"/>
  <testcase classname="com.hyrs.Tests.FirstTest" name="TestFacebook" time="6.913">
    <failure type="java.lang.AssertionError" message="The following asserts failed:
	Title is mismatched expected [Facebook – log in or sign up] but found [Log in to Facebook]">
      <![CDATA[java.lang.AssertionError: The following asserts failed:
Title is mismatched expected [Facebook – log in or sign up] but found [Log in to Facebook]
at com.hyrs.Tests.FirstTest.TestFacebook(FirstTest.java:64)
at java.base/java.util.ArrayList.forEach(ArrayList.java:1541)
... Removed 29 stack frames]]>
    </failure>
  </testcase> <!-- TestFacebook -->
  <testcase classname="com.hyrs.Tests.FirstTest" name="TestGoogle" time="4.733"/>
  <testcase classname="com.hyrs.Tests.OrangeHrm" name="EnterLoginDetails" time="0.0">
    <failure type="org.testng.TestNGException" message="
Parameter &amp;apos;username&amp;apos; is required by @Test on method EnterLoginDetails but has not been marked @Optional or defined
in C:\Users\Lenovo\eclipse-workspace\PracticeTestNg\AllTestNg.xml">
      <![CDATA[org.testng.TestNGException: 
Parameter 'username' is required by @Test on method EnterLoginDetails but has not been marked @Optional or defined
in C:\Users\Lenovo\eclipse-workspace\PracticeTestNg\AllTestNg.xml
at java.base/java.util.ArrayList.forEach(ArrayList.java:1541)
... Removed 26 stack frames]]>
    </failure>
  </testcase> <!-- EnterLoginDetails -->
  <testcase classname="com.hyrs.Tests.OrangeHrm" name="LaunchApp" time="0.0">
    <failure type="org.testng.TestNGException" message="
Parameter &amp;apos;url&amp;apos; is required by @Test on method LaunchApp but has not been marked @Optional or defined
in C:\Users\Lenovo\eclipse-workspace\PracticeTestNg\AllTestNg.xml">
      <![CDATA[org.testng.TestNGException: 
Parameter 'url' is required by @Test on method LaunchApp but has not been marked @Optional or defined
in C:\Users\Lenovo\eclipse-workspace\PracticeTestNg\AllTestNg.xml
at java.base/java.util.ArrayList.forEach(ArrayList.java:1541)
... Removed 26 stack frames]]>
    </failure>
  </testcase> <!-- LaunchApp -->
  <testcase classname="com.hyrs.Tests.OrangeHrm" name="NavigateToMyInfo" time="0.016">
    <failure type="org.openqa.selenium.NoSuchElementException" message="no such element: Unable to locate element: {&amp;quot;method&amp;quot;:&amp;quot;css selector&amp;quot;,&amp;quot;selector&amp;quot;:&amp;quot;#menu_pim_viewMyDetails&amp;quot;}
  (Session info: chrome=107.0.5304.88)
For documentation on this error, please visit: https://selenium.dev/exceptions/#no_such_element
Build info: version: &amp;apos;4.0.0-beta-1&amp;apos;, revision: &amp;apos;9c03156c2b&amp;apos;
System info: host: &amp;apos;LAPTOP-JPAOG5NK&amp;apos;, ip: &amp;apos;192.168.1.3&amp;apos;, os.name: &amp;apos;Windows 11&amp;apos;, os.arch: &amp;apos;amd64&amp;apos;, os.version: &amp;apos;10.0&amp;apos;, java.version: &amp;apos;11.0.17&amp;apos;
Driver info: org.openqa.selenium.chrome.ChromeDriver
Command: [32a261a3d6975e05550f7aaaed9d70fd, findElement {using=id, value=menu_pim_viewMyDetails}]
Capabilities {acceptInsecureCerts: false, browserName: chrome, browserVersion: 107.0.5304.88, chrome: {chromedriverVersion: 107.0.5304.62 (1eec40d3a576..., userDataDir: C:\Users\Lenovo\AppData\Loc...}, goog:chromeOptions: {debuggerAddress: localhost:58048}, javascriptEnabled: true, networkConnectionEnabled: false, pageLoadStrategy: normal, platform: WINDOWS, platformName: WINDOWS, proxy: Proxy(), setWindowRect: true, strictFileInteractability: false, timeouts: {implicit: 0, pageLoad: 300000, script: 30000}, unhandledPromptBehavior: dismiss and notify, webauthn:extension:credBlob: true, webauthn:extension:largeBlob: true, webauthn:virtualAuthenticators: true}
Session ID: 32a261a3d6975e05550f7aaaed9d70fd">
      <![CDATA[org.openqa.selenium.NoSuchElementException: no such element: Unable to locate element: {"method":"css selector","selector":"#menu_pim_viewMyDetails"}
  (Session info: chrome=107.0.5304.88)
For documentation on this error, please visit: https://selenium.dev/exceptions/#no_such_element
Build info: version: '4.0.0-beta-1', revision: '9c03156c2b'
System info: host: 'LAPTOP-JPAOG5NK', ip: '192.168.1.3', os.name: 'Windows 11', os.arch: 'amd64', os.version: '10.0', java.version: '11.0.17'
Driver info: org.openqa.selenium.chrome.ChromeDriver
Command: [32a261a3d6975e05550f7aaaed9d70fd, findElement {using=id, value=menu_pim_viewMyDetails}]
Capabilities {acceptInsecureCerts: false, browserName: chrome, browserVersion: 107.0.5304.88, chrome: {chromedriverVersion: 107.0.5304.62 (1eec40d3a576..., userDataDir: C:\Users\Lenovo\AppData\Loc...}, goog:chromeOptions: {debuggerAddress: localhost:58048}, javascriptEnabled: true, networkConnectionEnabled: false, pageLoadStrategy: normal, platform: WINDOWS, platformName: WINDOWS, proxy: Proxy(), setWindowRect: true, strictFileInteractability: false, timeouts: {implicit: 0, pageLoad: 300000, script: 30000}, unhandledPromptBehavior: dismiss and notify, webauthn:extension:credBlob: true, webauthn:extension:largeBlob: true, webauthn:virtualAuthenticators: true}
Session ID: 32a261a3d6975e05550f7aaaed9d70fd
at org.openqa.selenium.remote.codec.w3c.W3CHttpResponseCodec.createException(W3CHttpResponseCodec.java:195)
at org.openqa.selenium.remote.codec.w3c.W3CHttpResponseCodec.decode(W3CHttpResponseCodec.java:128)
at org.openqa.selenium.remote.codec.w3c.W3CHttpResponseCodec.decode(W3CHttpResponseCodec.java:52)
at org.openqa.selenium.remote.HttpCommandExecutor.execute(HttpCommandExecutor.java:181)
at org.openqa.selenium.remote.service.DriverCommandExecutor.invokeExecute(DriverCommandExecutor.java:153)
at org.openqa.selenium.remote.service.DriverCommandExecutor.execute(DriverCommandExecutor.java:128)
at org.openqa.selenium.remote.RemoteWebDriver.execute(RemoteWebDriver.java:620)
at org.openqa.selenium.remote.RemoteWebDriver$Mechanism$2.findElement(RemoteWebDriver.java:1255)
at org.openqa.selenium.remote.RemoteWebDriver.findElement(RemoteWebDriver.java:395)
at org.openqa.selenium.remote.RemoteWebDriver.findElement(RemoteWebDriver.java:382)
at com.hyrs.Tests.OrangeHrm.NavigateToMyInfo(OrangeHrm.java:80)
at java.base/java.util.ArrayList.forEach(ArrayList.java:1541)
... Removed 31 stack frames]]>
    </failure>
  </testcase> <!-- NavigateToMyInfo -->
  <testcase classname="com.hyrs.Tests.OrangeHrm" name="VerifyLogin" time="0.009">
    <failure type="org.openqa.selenium.NoSuchElementException" message="no such element: Unable to locate element: {&amp;quot;method&amp;quot;:&amp;quot;css selector&amp;quot;,&amp;quot;selector&amp;quot;:&amp;quot;#welcome&amp;quot;}
  (Session info: chrome=107.0.5304.88)
For documentation on this error, please visit: https://selenium.dev/exceptions/#no_such_element
Build info: version: &amp;apos;4.0.0-beta-1&amp;apos;, revision: &amp;apos;9c03156c2b&amp;apos;
System info: host: &amp;apos;LAPTOP-JPAOG5NK&amp;apos;, ip: &amp;apos;192.168.1.3&amp;apos;, os.name: &amp;apos;Windows 11&amp;apos;, os.arch: &amp;apos;amd64&amp;apos;, os.version: &amp;apos;10.0&amp;apos;, java.version: &amp;apos;11.0.17&amp;apos;
Driver info: org.openqa.selenium.chrome.ChromeDriver
Command: [32a261a3d6975e05550f7aaaed9d70fd, findElement {using=id, value=welcome}]
Capabilities {acceptInsecureCerts: false, browserName: chrome, browserVersion: 107.0.5304.88, chrome: {chromedriverVersion: 107.0.5304.62 (1eec40d3a576..., userDataDir: C:\Users\Lenovo\AppData\Loc...}, goog:chromeOptions: {debuggerAddress: localhost:58048}, javascriptEnabled: true, networkConnectionEnabled: false, pageLoadStrategy: normal, platform: WINDOWS, platformName: WINDOWS, proxy: Proxy(), setWindowRect: true, strictFileInteractability: false, timeouts: {implicit: 0, pageLoad: 300000, script: 30000}, unhandledPromptBehavior: dismiss and notify, webauthn:extension:credBlob: true, webauthn:extension:largeBlob: true, webauthn:virtualAuthenticators: true}
Session ID: 32a261a3d6975e05550f7aaaed9d70fd">
      <![CDATA[org.openqa.selenium.NoSuchElementException: no such element: Unable to locate element: {"method":"css selector","selector":"#welcome"}
  (Session info: chrome=107.0.5304.88)
For documentation on this error, please visit: https://selenium.dev/exceptions/#no_such_element
Build info: version: '4.0.0-beta-1', revision: '9c03156c2b'
System info: host: 'LAPTOP-JPAOG5NK', ip: '192.168.1.3', os.name: 'Windows 11', os.arch: 'amd64', os.version: '10.0', java.version: '11.0.17'
Driver info: org.openqa.selenium.chrome.ChromeDriver
Command: [32a261a3d6975e05550f7aaaed9d70fd, findElement {using=id, value=welcome}]
Capabilities {acceptInsecureCerts: false, browserName: chrome, browserVersion: 107.0.5304.88, chrome: {chromedriverVersion: 107.0.5304.62 (1eec40d3a576..., userDataDir: C:\Users\Lenovo\AppData\Loc...}, goog:chromeOptions: {debuggerAddress: localhost:58048}, javascriptEnabled: true, networkConnectionEnabled: false, pageLoadStrategy: normal, platform: WINDOWS, platformName: WINDOWS, proxy: Proxy(), setWindowRect: true, strictFileInteractability: false, timeouts: {implicit: 0, pageLoad: 300000, script: 30000}, unhandledPromptBehavior: dismiss and notify, webauthn:extension:credBlob: true, webauthn:extension:largeBlob: true, webauthn:virtualAuthenticators: true}
Session ID: 32a261a3d6975e05550f7aaaed9d70fd
at org.openqa.selenium.remote.codec.w3c.W3CHttpResponseCodec.createException(W3CHttpResponseCodec.java:195)
at org.openqa.selenium.remote.codec.w3c.W3CHttpResponseCodec.decode(W3CHttpResponseCodec.java:128)
at org.openqa.selenium.remote.codec.w3c.W3CHttpResponseCodec.decode(W3CHttpResponseCodec.java:52)
at org.openqa.selenium.remote.HttpCommandExecutor.execute(HttpCommandExecutor.java:181)
at org.openqa.selenium.remote.service.DriverCommandExecutor.invokeExecute(DriverCommandExecutor.java:153)
at org.openqa.selenium.remote.service.DriverCommandExecutor.execute(DriverCommandExecutor.java:128)
at org.openqa.selenium.remote.RemoteWebDriver.execute(RemoteWebDriver.java:620)
at org.openqa.selenium.remote.RemoteWebDriver$Mechanism$2.findElement(RemoteWebDriver.java:1255)
at org.openqa.selenium.remote.RemoteWebDriver.findElement(RemoteWebDriver.java:388)
at org.openqa.selenium.remote.RemoteWebDriver.findElement(RemoteWebDriver.java:382)
at com.hyrs.Tests.OrangeHrm.VerifyLogin(OrangeHrm.java:95)
at java.base/java.util.ArrayList.forEach(ArrayList.java:1541)
... Removed 31 stack frames]]>
    </failure>
  </testcase> <!-- VerifyLogin -->
  <testcase classname="com.hyrs.Tests.OrangeHrm" name="VerifyMyInfo" time="0.009">
    <failure type="org.openqa.selenium.NoSuchElementException" message="no such element: Unable to locate element: {&amp;quot;method&amp;quot;:&amp;quot;css selector&amp;quot;,&amp;quot;selector&amp;quot;:&amp;quot;#employee\-details&amp;quot;}
  (Session info: chrome=107.0.5304.88)
For documentation on this error, please visit: https://selenium.dev/exceptions/#no_such_element
Build info: version: &amp;apos;4.0.0-beta-1&amp;apos;, revision: &amp;apos;9c03156c2b&amp;apos;
System info: host: &amp;apos;LAPTOP-JPAOG5NK&amp;apos;, ip: &amp;apos;192.168.1.3&amp;apos;, os.name: &amp;apos;Windows 11&amp;apos;, os.arch: &amp;apos;amd64&amp;apos;, os.version: &amp;apos;10.0&amp;apos;, java.version: &amp;apos;11.0.17&amp;apos;
Driver info: org.openqa.selenium.chrome.ChromeDriver
Command: [32a261a3d6975e05550f7aaaed9d70fd, findElement {using=id, value=employee-details}]
Capabilities {acceptInsecureCerts: false, browserName: chrome, browserVersion: 107.0.5304.88, chrome: {chromedriverVersion: 107.0.5304.62 (1eec40d3a576..., userDataDir: C:\Users\Lenovo\AppData\Loc...}, goog:chromeOptions: {debuggerAddress: localhost:58048}, javascriptEnabled: true, networkConnectionEnabled: false, pageLoadStrategy: normal, platform: WINDOWS, platformName: WINDOWS, proxy: Proxy(), setWindowRect: true, strictFileInteractability: false, timeouts: {implicit: 0, pageLoad: 300000, script: 30000}, unhandledPromptBehavior: dismiss and notify, webauthn:extension:credBlob: true, webauthn:extension:largeBlob: true, webauthn:virtualAuthenticators: true}
Session ID: 32a261a3d6975e05550f7aaaed9d70fd">
      <![CDATA[org.openqa.selenium.NoSuchElementException: no such element: Unable to locate element: {"method":"css selector","selector":"#employee\-details"}
  (Session info: chrome=107.0.5304.88)
For documentation on this error, please visit: https://selenium.dev/exceptions/#no_such_element
Build info: version: '4.0.0-beta-1', revision: '9c03156c2b'
System info: host: 'LAPTOP-JPAOG5NK', ip: '192.168.1.3', os.name: 'Windows 11', os.arch: 'amd64', os.version: '10.0', java.version: '11.0.17'
Driver info: org.openqa.selenium.chrome.ChromeDriver
Command: [32a261a3d6975e05550f7aaaed9d70fd, findElement {using=id, value=employee-details}]
Capabilities {acceptInsecureCerts: false, browserName: chrome, browserVersion: 107.0.5304.88, chrome: {chromedriverVersion: 107.0.5304.62 (1eec40d3a576..., userDataDir: C:\Users\Lenovo\AppData\Loc...}, goog:chromeOptions: {debuggerAddress: localhost:58048}, javascriptEnabled: true, networkConnectionEnabled: false, pageLoadStrategy: normal, platform: WINDOWS, platformName: WINDOWS, proxy: Proxy(), setWindowRect: true, strictFileInteractability: false, timeouts: {implicit: 0, pageLoad: 300000, script: 30000}, unhandledPromptBehavior: dismiss and notify, webauthn:extension:credBlob: true, webauthn:extension:largeBlob: true, webauthn:virtualAuthenticators: true}
Session ID: 32a261a3d6975e05550f7aaaed9d70fd
at org.openqa.selenium.remote.codec.w3c.W3CHttpResponseCodec.createException(W3CHttpResponseCodec.java:195)
at org.openqa.selenium.remote.codec.w3c.W3CHttpResponseCodec.decode(W3CHttpResponseCodec.java:128)
at org.openqa.selenium.remote.codec.w3c.W3CHttpResponseCodec.decode(W3CHttpResponseCodec.java:52)
at org.openqa.selenium.remote.HttpCommandExecutor.execute(HttpCommandExecutor.java:181)
at org.openqa.selenium.remote.service.DriverCommandExecutor.invokeExecute(DriverCommandExecutor.java:153)
at org.openqa.selenium.remote.service.DriverCommandExecutor.execute(DriverCommandExecutor.java:128)
at org.openqa.selenium.remote.RemoteWebDriver.execute(RemoteWebDriver.java:620)
at org.openqa.selenium.remote.RemoteWebDriver$Mechanism$2.findElement(RemoteWebDriver.java:1255)
at org.openqa.selenium.remote.RemoteWebDriver.findElement(RemoteWebDriver.java:388)
at org.openqa.selenium.remote.RemoteWebDriver.findElement(RemoteWebDriver.java:382)
at com.hyrs.Tests.OrangeHrm.VerifyMyInfo(OrangeHrm.java:87)
at java.base/java.util.ArrayList.forEach(ArrayList.java:1541)
... Removed 31 stack frames]]>
    </failure>
  </testcase> <!-- VerifyMyInfo -->
  <testcase classname="com.hyr.groupTests.NewTest" name="test1" time="0.001"/>
  <testcase classname="com.hyr.groupTests.NewTest" name="test2" time="0.0"/>
  <testcase classname="com.hyr.groupTests.NewTest" name="test3" time="0.0"/>
  <testcase classname="com.hyr.parallelTest.TestClass2" name="testmethod5" time="0.0"/>
  <testcase classname="com.hyr.parallelTest.TestClass2" name="testmethod6" time="0.0"/>
  <testcase classname="com.hyr.parallelTest.TestClass2" name="testmethod7" time="0.0"/>
  <testcase classname="com.hyr.parallelTest.TestClass1" name="testmethod1" time="0.001"/>
  <testcase classname="com.hyr.parallelTest.TestClass1" name="testmethod2" time="0.0"/>
  <testcase classname="com.hyr.parallelTest.TestClass1" name="testmethod3" time="0.0"/>
  <testcase classname="com.hyr.parallelTest.TestClass1" name="testmethod4" time="0.001"/>
  <testcase classname="com.hyr.parallelTest.TestClass3" name="testmethod10" time="0.001"/>
  <testcase classname="com.hyr.parallelTest.TestClass3" name="testmethod11" time="0.0"/>
  <testcase classname="com.hyr.parallelTest.TestClass3" name="testmethod8" time="0.0"/>
  <testcase classname="com.hyr.parallelTest.TestClass3" name="testmethod9" time="0.0"/>
  <testcase classname="com.hyrs.Tests.AnnotationsTest" name="testmethod1" time="0.001"/>
  <testcase classname="com.hyrs.Tests.AnnotationsTest" name="testmethod2" time="0.0"/>
  <testcase classname="com.dataProvider.BasicTestExcel" name="TestLogin" time="8.544"/>
  <testcase classname="com.dataProvider.BasicTestExcel" name="TestLogin" time="7.955"/>
  <testcase classname="com.dataProvider.BasicTestExcel" name="TestLogin" time="8.081"/>
  <testcase classname="com.dataProvider.BasicTestExcel" name="TestLogin" time="3.95">
    <failure type="java.lang.IllegalArgumentException" message="Keys to send should be a not null CharSequence">
      <![CDATA[java.lang.IllegalArgumentException: Keys to send should be a not null CharSequence
at org.openqa.selenium.remote.RemoteWebElement.sendKeys(RemoteWebElement.java:92)
at com.dataProvider.BasicTestExcel.TestLogin(BasicTestExcel.java:26)
at java.base/java.util.ArrayList.forEach(ArrayList.java:1541)
... Removed 27 stack frames]]>
    </failure>
  </testcase> <!-- TestLogin -->
  <testcase classname="com.hyr.dependencyTests.TestGroupdependency" name="test1" time="0.0"/>
  <testcase classname="com.hyr.dependencyTests.TestGroupdependency" name="test2" time="0.0"/>
  <testcase classname="com.hyr.dependencyTests.TestGroupdependency" name="test3" time="0.001"/>
  <testcase classname="com.hyr.dependencyTests.TestGroupdependency" name="test4" time="0.0"/>
  <testcase classname="com.hyr.dependencyTests.TestGroupdependency" name="test5" time="0.001"/>
  <testcase classname="com.hyr.dependencyTests.TestGroupdependency" name="test6" time="0.001"/>
  <testcase classname="com.hyr.dependencyTests.TestGroupdependency" name="test7" time="0.001"/>
  <testcase classname="com.dataProvider.BasicTest" name="TestLogin" time="8.809"/>
  <testcase classname="com.dataProvider.BasicTest" name="TestLogin" time="10.384"/>
  <testcase classname="com.dataProvider.BasicTest" name="TestLogin" time="10.661"/>
  <testcase classname="com.hyr.demoTests.NewTest" name="test1" time="0.0">
    <ignored/>
  </testcase> <!-- test1 -->
  <testcase classname="com.hyr.demoTests.NewTest" name="test2" time="0.0">
    <ignored/>
  </testcase> <!-- test2 -->
  <testcase classname="com.hyr.demoTests.NewTest" name="test3" time="0.0">
    <ignored/>
  </testcase> <!-- test3 -->
</testsuite> <!-- Regression Test -->
