<?xml version="1.0" encoding="UTF-8"?>
<!-- Generated by org.testng.reporters.JUnitXMLReporter -->
<testsuite ignored="3" hostname="LAPTOP-JPAOG5NK" failures="2" tests="53" name="Test" time="0.701" errors="0" timestamp="2022-11-06T00:03:07 IST">
  <testcase classname="com.hyrs.Tests.OrangeHrm" name="@BeforeTest InitialiseBrowser" time="-1.667673186684E9">
    <failure type="org.testng.TestNGException" message="
Parameter &amp;apos;browserName&amp;apos; is required by BeforeTest on method InitialiseBrowser but has not been marked @Optional or defined
in C:\Users\Lenovo\eclipse-workspace\PracticeTestNg\AllTestNg.xml">
      <![CDATA[org.testng.TestNGException: 
Parameter 'browserName' is required by BeforeTest on method InitialiseBrowser but has not been marked @Optional or defined
in C:\Users\Lenovo\eclipse-workspace\PracticeTestNg\AllTestNg.xml
... Removed 21 stack frames]]>
    </failure>
  </testcase> <!-- @BeforeTest InitialiseBrowser -->
  <testcase classname="com.hyrs.Tests.AnnotationsTest" name="@BeforeClass beforeClass" time="-1.667673186779E9">
    <skipped/>
  </testcase> <!-- @BeforeClass beforeClass -->
  <testcase classname="com.hyrs.Tests.AnnotationsTest" name="@BeforeMethod beforeMethod" time="-1.667673186781E9">
    <skipped/>
  </testcase> <!-- @BeforeMethod beforeMethod -->
  <testcase classname="com.hyrs.Tests.AnnotationsTest" name="@AfterMethod afterMethod" time="-1.667673186783E9">
    <skipped/>
  </testcase> <!-- @AfterMethod afterMethod -->
  <testcase classname="com.hyrs.Tests.AnnotationsTest" name="@BeforeMethod beforeMethod" time="-1.667673186783E9">
    <skipped/>
  </testcase> <!-- @BeforeMethod beforeMethod -->
  <testcase classname="com.hyrs.Tests.AnnotationsTest" name="@AfterMethod afterMethod" time="-1.667673186785E9">
    <skipped/>
  </testcase> <!-- @AfterMethod afterMethod -->
  <testcase classname="com.hyrs.Tests.AnnotationsTest" name="@AfterClass afterClass" time="-1.667673186786E9">
    <skipped/>
  </testcase> <!-- @AfterClass afterClass -->
  <testcase classname="com.hyrs.Tests.AnnotationsTest" name="@AfterTest afterTest" time="-1.66767318738E9">
    <skipped/>
  </testcase> <!-- @AfterTest afterTest -->
  <testcase classname="com.hyrs.Tests.OrangeHrm" name="@AfterTest TearDown" time="-1.667673187382E9">
    <skipped/>
  </testcase> <!-- @AfterTest TearDown -->
  <testcase classname="com.hyr.demoTests.NewTest2" name="test4" time="0.0">
    <skipped/>
  </testcase> <!-- test4 -->
  <testcase classname="com.hyr.demoTests.NewTest2" name="test5" time="0.0">
    <skipped/>
  </testcase> <!-- test5 -->
  <testcase classname="com.hyr.demoTests.NewTest2" name="test6" time="0.0">
    <skipped/>
  </testcase> <!-- test6 -->
  <testcase classname="com.hyr.demoTests.NewTest2" name="test7" time="0.0">
    <skipped/>
  </testcase> <!-- test7 -->
  <testcase classname="com.dataProvider.BasicTest3" name="TestLogin" time="0.0">
    <skipped/>
  </testcase> <!-- TestLogin -->
  <testcase classname="com.dataProvider.BasicTest3" name="TestLogin" time="0.0">
    <skipped/>
  </testcase> <!-- TestLogin -->
  <testcase classname="com.dataProvider.BasicTest4" name="TestLogin" time="0.0">
    <skipped/>
  </testcase> <!-- TestLogin -->
  <testcase classname="com.dataProvider.BasicTest4" name="TestLogin" time="0.0">
    <skipped/>
  </testcase> <!-- TestLogin -->
  <testcase classname="com.dataProvider.BasicTest4" name="TestLogin" time="0.0">
    <skipped/>
  </testcase> <!-- TestLogin -->
  <testcase classname="com.dataProvider.BasicTest4" name="TestLogin" time="0.0">
    <skipped/>
  </testcase> <!-- TestLogin -->
  <testcase classname="com.hyr.dependencyTests.TestDependency" name="CreateShipment" time="0.0">
    <skipped/>
  </testcase> <!-- CreateShipment -->
  <testcase classname="com.hyr.dependencyTests.TestDependency" name="TrackShipment" time="0.0">
    <skipped/>
  </testcase> <!-- TrackShipment -->
  <testcase classname="com.hyr.dependencyTests.TestDependency" name="CancelShipment" time="0.0">
    <skipped/>
  </testcase> <!-- CancelShipment -->
  <testcase classname="com.hyr.groupTests.NewTest2" name="test4" time="0.0">
    <skipped/>
  </testcase> <!-- test4 -->
  <testcase classname="com.hyr.groupTests.NewTest2" name="test5" time="0.0">
    <skipped/>
  </testcase> <!-- test5 -->
  <testcase classname="com.hyr.groupTests.NewTest2" name="test6" time="0.0">
    <skipped/>
  </testcase> <!-- test6 -->
  <testcase classname="com.hyrs.Tests.FirstTest" name="TestFacebook" time="0.0">
    <skipped/>
  </testcase> <!-- TestFacebook -->
  <testcase classname="com.hyrs.Tests.FirstTest" name="TestGoogle" time="0.0">
    <skipped/>
  </testcase> <!-- TestGoogle -->
  <testcase classname="com.hyrs.Tests.OrangeHrm" name="EnterLoginDetails" time="0.0">
    <failure type="org.testng.TestNGException" message="
Parameter &amp;apos;username&amp;apos; is required by @Test on method EnterLoginDetails but has not been marked @Optional or defined
in C:\Users\Lenovo\eclipse-workspace\PracticeTestNg\AllTestNg.xml">
      <![CDATA[org.testng.TestNGException: 
Parameter 'username' is required by @Test on method EnterLoginDetails but has not been marked @Optional or defined
in C:\Users\Lenovo\eclipse-workspace\PracticeTestNg\AllTestNg.xml
at java.base/java.util.ArrayList.forEach(ArrayList.java:1541)
... Removed 26 stack frames]]>
    </failure>
  </testcase> <!-- EnterLoginDetails -->
  <testcase classname="com.hyrs.Tests.OrangeHrm" name="LaunchApp" time="0.0">
    <failure type="org.testng.TestNGException" message="
Parameter &amp;apos;url&amp;apos; is required by @Test on method LaunchApp but has not been marked @Optional or defined
in C:\Users\Lenovo\eclipse-workspace\PracticeTestNg\AllTestNg.xml">
      <![CDATA[org.testng.TestNGException: 
Parameter 'url' is required by @Test on method LaunchApp but has not been marked @Optional or defined
in C:\Users\Lenovo\eclipse-workspace\PracticeTestNg\AllTestNg.xml
at java.base/java.util.ArrayList.forEach(ArrayList.java:1541)
... Removed 26 stack frames]]>
    </failure>
  </testcase> <!-- LaunchApp -->
  <testcase classname="com.hyrs.Tests.OrangeHrm" name="NavigateToMyInfo" time="0.0">
    <skipped/>
  </testcase> <!-- NavigateToMyInfo -->
  <testcase classname="com.hyrs.Tests.OrangeHrm" name="VerifyLogin" time="0.0">
    <skipped/>
  </testcase> <!-- VerifyLogin -->
  <testcase classname="com.hyrs.Tests.OrangeHrm" name="VerifyMyInfo" time="0.0">
    <skipped/>
  </testcase> <!-- VerifyMyInfo -->
  <testcase classname="com.hyr.groupTests.NewTest" name="test1" time="0.0">
    <skipped/>
  </testcase> <!-- test1 -->
  <testcase classname="com.hyr.groupTests.NewTest" name="test2" time="0.0">
    <skipped/>
  </testcase> <!-- test2 -->
  <testcase classname="com.hyr.groupTests.NewTest" name="test3" time="0.0">
    <skipped/>
  </testcase> <!-- test3 -->
  <testcase classname="com.hyr.parallelTest.TestClass2" name="testmethod5" time="0.0">
    <skipped/>
  </testcase> <!-- testmethod5 -->
  <testcase classname="com.hyr.parallelTest.TestClass2" name="testmethod6" time="0.0">
    <skipped/>
  </testcase> <!-- testmethod6 -->
  <testcase classname="com.hyr.parallelTest.TestClass2" name="testmethod7" time="0.0">
    <skipped/>
  </testcase> <!-- testmethod7 -->
  <testcase classname="com.hyr.parallelTest.TestClass1" name="testmethod1" time="0.0">
    <skipped/>
  </testcase> <!-- testmethod1 -->
  <testcase classname="com.hyr.parallelTest.TestClass1" name="testmethod2" time="0.0">
    <skipped/>
  </testcase> <!-- testmethod2 -->
  <testcase classname="com.hyr.parallelTest.TestClass1" name="testmethod3" time="0.0">
    <skipped/>
  </testcase> <!-- testmethod3 -->
  <testcase classname="com.hyr.parallelTest.TestClass1" name="testmethod4" time="0.0">
    <skipped/>
  </testcase> <!-- testmethod4 -->
  <testcase classname="com.hyr.parallelTest.TestClass3" name="testmethod10" time="0.0">
    <skipped/>
  </testcase> <!-- testmethod10 -->
  <testcase classname="com.hyr.parallelTest.TestClass3" name="testmethod11" time="0.0">
    <skipped/>
  </testcase> <!-- testmethod11 -->
  <testcase classname="com.hyr.parallelTest.TestClass3" name="testmethod8" time="0.0">
    <skipped/>
  </testcase> <!-- testmethod8 -->
  <testcase classname="com.hyr.parallelTest.TestClass3" name="testmethod9" time="0.0">
    <skipped/>
  </testcase> <!-- testmethod9 -->
  <testcase classname="com.hyrs.Tests.AnnotationsTest" name="testmethod1" time="0.0">
    <skipped/>
  </testcase> <!-- testmethod1 -->
  <testcase classname="com.hyrs.Tests.AnnotationsTest" name="testmethod2" time="0.0">
    <skipped/>
  </testcase> <!-- testmethod2 -->
  <testcase classname="com.dataProvider.BasicTestExcel" name="TestLogin" time="0.0">
    <skipped/>
  </testcase> <!-- TestLogin -->
  <testcase classname="com.dataProvider.BasicTestExcel" name="TestLogin" time="0.0">
    <skipped/>
  </testcase> <!-- TestLogin -->
  <testcase classname="com.dataProvider.BasicTestExcel" name="TestLogin" time="0.0">
    <skipped/>
  </testcase> <!-- TestLogin -->
  <testcase classname="com.dataProvider.BasicTestExcel" name="TestLogin" time="0.0">
    <skipped/>
  </testcase> <!-- TestLogin -->
  <testcase classname="com.hyr.dependencyTests.TestGroupdependency" name="test1" time="0.0">
    <skipped/>
  </testcase> <!-- test1 -->
  <testcase classname="com.hyr.dependencyTests.TestGroupdependency" name="test2" time="0.0">
    <skipped/>
  </testcase> <!-- test2 -->
  <testcase classname="com.hyr.dependencyTests.TestGroupdependency" name="test3" time="0.0">
    <skipped/>
  </testcase> <!-- test3 -->
  <testcase classname="com.hyr.dependencyTests.TestGroupdependency" name="test4" time="0.0">
    <skipped/>
  </testcase> <!-- test4 -->
  <testcase classname="com.hyr.dependencyTests.TestGroupdependency" name="test5" time="0.0">
    <skipped/>
  </testcase> <!-- test5 -->
  <testcase classname="com.hyr.dependencyTests.TestGroupdependency" name="test6" time="0.0">
    <skipped/>
  </testcase> <!-- test6 -->
  <testcase classname="com.hyr.dependencyTests.TestGroupdependency" name="test7" time="0.0">
    <skipped/>
  </testcase> <!-- test7 -->
  <testcase classname="com.dataProvider.BasicTest" name="TestLogin" time="0.0">
    <skipped/>
  </testcase> <!-- TestLogin -->
  <testcase classname="com.dataProvider.BasicTest" name="TestLogin" time="0.0">
    <skipped/>
  </testcase> <!-- TestLogin -->
  <testcase classname="com.dataProvider.BasicTest" name="TestLogin" time="0.0">
    <skipped/>
  </testcase> <!-- TestLogin -->
  <testcase classname="com.hyr.demoTests.NewTest" name="test1" time="0.0">
    <ignored/>
  </testcase> <!-- test1 -->
  <testcase classname="com.hyr.demoTests.NewTest" name="test2" time="0.0">
    <ignored/>
  </testcase> <!-- test2 -->
  <testcase classname="com.hyr.demoTests.NewTest" name="test3" time="0.0">
    <ignored/>
  </testcase> <!-- test3 -->
</testsuite> <!-- Test -->
